commit 7bc320191652ca2286f70ccb067916dc5f9cf3aa
Author: ‘Zeleza’ <mail@zeleza.ru>
Date:   Thu Nov 23 13:47:48 2023 +0300

    В процедуру установки пакета добавлены опции Q-выход и S-повторное сканирование интерфейсов, а так же при нажатии Q, останавивается dnsmasq и выводится иснтрукция по восстановленияю интернета.

commit b754f76e8f050bc8ac9d91e82bc2fa252a5bb63e
Author: ‘Zeleza’ <mail@zeleza.ru>
Date:   Thu Nov 23 12:38:08 2023 +0300

    Доработана функция вывода информации о номере версии пакета.

commit 2acb727c987a8f960cf2ed8312feb58c4f90854d
Author: ‘Zeleza’ <mail@zeleza.ru>
Date:   Thu Nov 23 12:17:13 2023 +0300

    Исправлена проблема с остановкой работы обхода через VPN при добавлении и/или удалении доменого имени.

commit c4828b2e8b1da8e48d2d9e4a466e71260b791e5c
Author: ‘Zeleza’ <mail@zeleza.ru>
Date:   Thu Nov 23 11:02:28 2023 +0300

    Исправлена проблема с поддержкой поддоменов (wildcard) для dnsmasq.

commit e7120b696e2b05bc85c5fef6ef4494e5577c17aa
Author: ‘Zeleza’ <mail@zeleza.ru>
Date:   Sat Nov 18 10:29:41 2023 +0300

    Доработана функция отображения отсканированных VPN интерфейсов - добавлен IP сети.

commit c1d02269274fea208e7e1357280bfc170b40333b
Author: ‘Zeleza’ <mail@zeleza.ru>
Date:   Fri Nov 17 18:06:04 2023 +0300

    Доработана функция отображения списка доступных гостевых интерфейсов при вызове команды kvas guest

commit 2db072d1338bb8323e5de34c9e0614a0a3c8f005
Author: ‘Zeleza’ <mail@zeleza.ru>
Date:   Thu Nov 16 19:22:19 2023 +0300

    Доработан механизм добавления гостевой сети: при добавлении сети, теперь ее IP прослушивается на 53 порту текущим DNS сервером: dnsmasq или adguardhome.

commit 434aab36f686a3bc5c728bf7e6342a8da69d1293
Author: ‘Zeleza’ <mail@zeleza.ru>
Date:   Tue Nov 14 07:57:02 2023 +0300

    Доработан код функции проверки ssr соединения, добавлена проверка на доступность сервера ssr.

commit ee052e937edbcd3794815581b4f61ec93b35a55c
Author: ‘Zeleza’ <mail@zeleza.ru>
Date:   Mon Nov 13 11:42:07 2023 +0300

    Исправлена ошибка прриводившая к тому, что при запуске /opt/apps/kvas/bin/main/dnsmasq выводилась ошибка при проверке ipset записей в соотвествующих файлах [issue #82].

commit 218e059363489c3ac469adc55750d8e783c47393
Merge: c7ef72a 0f98fee
Author: ‘Zeleza’ <mail@zeleza.ru>
Date:   Mon Nov 13 11:17:52 2023 +0300

    Полностью переписан блок отвечающий за проверку и перезапуск VPN соединения [issue #82].
